#
# There is insufficient memory for the Java Runtime Environment to continue.
# Native memory allocation (mmap) failed to map 132120576 bytes for G1 virtual space
# Possible reasons:
#   The system is out of physical RAM or swap space
#   The process is running with CompressedOops enabled, and the Java Heap may be blocking the growth of the native heap
# Possible solutions:
#   Reduce memory load on the system
#   Increase physical memory or swap space
#   Check if swap backing store is full
#   Decrease Java heap size (-Xmx/-Xms)
#   Decrease number of Java threads
#   Decrease Java thread stack sizes (-Xss)
#   Set larger code cache with -XX:ReservedCodeCacheSize=
#   JVM is running with Unscaled Compressed Oops mode in which the Java heap is
#     placed in the first 4GB address space. The Java Heap base address is the
#     maximum limit for the native heap growth. Please use -XX:HeapBaseMinAddress
#     to set the Java Heap base and to place the Java Heap above 4GB virtual address.
# This output file may be truncated or incomplete.
#
#  Out of Memory Error (os_windows.cpp:3557), pid=19776, tid=18908
#
# JRE version:  (17.0.6+10) (build )
# Java VM: OpenJDK 64-Bit Server VM (17.0.6+10, mixed mode, sharing, tiered, compressed oops, compressed class ptrs, g1 gc, windows-amd64)
# No core dump will be written. Minidumps are not enabled by default on client versions of Windows
#

---------------  S U M M A R Y ------------

Command Line: -Dfile.encoding=UTF-8 --module-path=C:\Users\MB PRAKASH\git\repositoryJavaPrograms\JavaPrograms\bin -XX:+ShowCodeDetailsInExceptionMessages -Djdk.module.main=JavaPrograms JavaPrograms/StringPrograms.UpperToLowerCase

Host: Intel(R) Core(TM) i5-10300H CPU @ 2.50GHz, 8 cores, 7G,  Windows 11 , 64 bit Build 22621 (10.0.22621.3085)
Time: Sat Mar  9 23:03:39 2024 India Standard Time elapsed time: 0.022956 seconds (0d 0h 0m 0s)

---------------  T H R E A D  ---------------

Current thread (0x000001d53bf11ca0):  JavaThread "Unknown thread" [_thread_in_vm, id=18908, stack(0x000000b165500000,0x000000b165600000)]

Stack: [0x000000b165500000,0x000000b165600000]
Native frames: (J=compiled Java code, j=interpreted, Vv=VM code, C=native code)
V  [jvm.dll+0x67741a]
V  [jvm.dll+0x834434]
V  [jvm.dll+0x835bde]
V  [jvm.dll+0x836243]
V  [jvm.dll+0x2457b5]
V  [jvm.dll+0x674329]
V  [jvm.dll+0x6689da]
V  [jvm.dll+0x30489b]
V  [jvm.dll+0x30bd96]
V  [jvm.dll+0x35b57e]
V  [jvm.dll+0x35b7af]
V  [jvm.dll+0x2db778]
V  [jvm.dll+0x2dc6e4]
V  [jvm.dll+0x806131]
V  [jvm.dll+0x369331]
V  [jvm.dll+0x7e56ac]
V  [jvm.dll+0x3eb35f]
V  [jvm.dll+0x3ecea1]
C  [jli.dll+0x5267]
C  [ucrtbase.dll+0x29363]
C  [KERNEL32.DLL+0x1257d]
C  [ntdll.dll+0x5aa58]


---------------  P R O C E S S  ---------------

Threads class SMR info:
_java_thread_list=0x00007ffda9065fd8, length=0, elements={
}

Java Threads: ( => current thread )

Other Threads:
  0x000001d53bf6dbf0 GCTaskThread "GC Thread#0" [stack: 0x000000b165600000,0x000000b165700000] [id=9732]
  0x000001d53bf7e5f0 ConcurrentGCThread "G1 Main Marker" [stack: 0x000000b165700000,0x000000b165800000] [id=10396]
  0x000001d53bf7f7a0 ConcurrentGCThread "G1 Conc#0" [stack: 0x000000b165800000,0x000000b165900000] [id=24012]

[error occurred during error reporting (printing all threads), id 0xc0000005, EXCEPTION_ACCESS_VIOLATION (0xc0000005) at pc=0x00007ffda883c1e7]

VM state: not at safepoint (not fully initialized)

VM Mutex/Monitor currently owned by a thread:  ([mutex/lock_event])
[0x000001d53bf109d0] Heap_lock - owner thread: 0x000001d53bf11ca0

Heap address: 0x0000000082a00000, size: 2006 MB, Compressed Oops mode: 32-bit

CDS archive(s) mapped at: [0x0000000000000000-0x0000000000000000-0x0000000000000000), size 0, SharedBaseAddress: 0x0000000800000000, ArchiveRelocationMode: 0.
Narrow klass base: 0x0000000000000000, Narrow klass shift: 0, Narrow klass range: 0x0

GC Precious Log:
<Empty>

Heap:
 garbage-first heap   total 0K, used 0K [0x0000000082a00000, 0x0000000100000000)
  region size 1024K, 0 young (0K), 0 survivors (0K)

[error occurred during error reporting (printing heap information), id 0xc0000005, EXCEPTION_ACCESS_VIOLATION (0xc0000005) at pc=0x00007ffda8c206f9]

GC Heap History (0 events):
No events

Dll operation events (1 events):
Event: 0.013 Loaded shared library C:\Users\MB PRAKASH\Downloads\eclipse-java-2023-03-R-win32-x86_64\eclipse\plugins\org.eclipse.justj.openjdk.hotspot.jre.full.win32.x86_64_17.0.6.v20230204-1729\jre\bin\java.dll

Deoptimization events (0 events):
No events

Classes unloaded (0 events):
No events

Classes redefined (0 events):
No events

Internal exceptions (0 events):
No events

VM Operations (0 events):
No events

Events (0 events):
No events


Dynamic libraries:
0x00007ff649b40000 - 0x00007ff649b4e000 	C:\Users\MB PRAKASH\Downloads\eclipse-java-2023-03-R-win32-x86_64\eclipse\plugins\org.eclipse.justj.openjdk.hotspot.jre.full.win32.x86_64_17.0.6.v20230204-1729\jre\bin\javaw.exe
0x00007ffe0f5d0000 - 0x00007ffe0f7e7000 	C:\WINDOWS\SYSTEM32\ntdll.dll
0x00007ffe0e0d0000 - 0x00007ffe0e194000 	C:\WINDOWS\System32\KERNEL32.DLL
0x00007ffe0c910000 - 0x00007ffe0ccb6000 	C:\WINDOWS\System32\KERNELBASE.dll
0x00007ffe0d200000 - 0x00007ffe0d311000 	C:\WINDOWS\System32\ucrtbase.dll
0x00007ffdfaea0000 - 0x00007ffdfaeb9000 	C:\Users\MB PRAKASH\Downloads\eclipse-java-2023-03-R-win32-x86_64\eclipse\plugins\org.eclipse.justj.openjdk.hotspot.jre.full.win32.x86_64_17.0.6.v20230204-1729\jre\bin\VCRUNTIME140.dll
0x00007ffdfb350000 - 0x00007ffdfb367000 	C:\Users\MB PRAKASH\Downloads\eclipse-java-2023-03-R-win32-x86_64\eclipse\plugins\org.eclipse.justj.openjdk.hotspot.jre.full.win32.x86_64_17.0.6.v20230204-1729\jre\bin\jli.dll
0x00007ffe0dc20000 - 0x00007ffe0ddce000 	C:\WINDOWS\System32\USER32.dll
0x00007ffe0cde0000 - 0x00007ffe0ce06000 	C:\WINDOWS\System32\win32u.dll
0x00007ffdf8820000 - 0x00007ffdf8ab3000 	C:\WINDOWS\WinSxS\amd64_microsoft.windows.common-controls_6595b64144ccf1df_6.0.22621.2506_none_270c5ae97388e100\COMCTL32.dll
0x00007ffe0d6a0000 - 0x00007ffe0d6c9000 	C:\WINDOWS\System32\GDI32.dll
0x00007ffe0d750000 - 0x00007ffe0d7f7000 	C:\WINDOWS\System32\msvcrt.dll
0x00007ffe0ccc0000 - 0x00007ffe0cdd8000 	C:\WINDOWS\System32\gdi32full.dll
0x00007ffe0d030000 - 0x00007ffe0d0ca000 	C:\WINDOWS\System32\msvcp_win.dll
0x00007ffe0de20000 - 0x00007ffe0de51000 	C:\WINDOWS\System32\IMM32.DLL
0x00007ffe095e0000 - 0x00007ffe095ec000 	C:\Users\MB PRAKASH\Downloads\eclipse-java-2023-03-R-win32-x86_64\eclipse\plugins\org.eclipse.justj.openjdk.hotspot.jre.full.win32.x86_64_17.0.6.v20230204-1729\jre\bin\vcruntime140_1.dll
0x00007ffdd91b0000 - 0x00007ffdd9241000 	C:\Users\MB PRAKASH\Downloads\eclipse-java-2023-03-R-win32-x86_64\eclipse\plugins\org.eclipse.justj.openjdk.hotspot.jre.full.win32.x86_64_17.0.6.v20230204-1729\jre\bin\msvcp140.dll
0x00007ffda8550000 - 0x00007ffda9197000 	C:\Users\MB PRAKASH\Downloads\eclipse-java-2023-03-R-win32-x86_64\eclipse\plugins\org.eclipse.justj.openjdk.hotspot.jre.full.win32.x86_64_17.0.6.v20230204-1729\jre\bin\server\jvm.dll
0x00007ffe0e010000 - 0x00007ffe0e0c3000 	C:\WINDOWS\System32\ADVAPI32.dll
0x00007ffe0eb20000 - 0x00007ffe0ebc8000 	C:\WINDOWS\System32\sechost.dll
0x00007ffe0cf80000 - 0x00007ffe0cfa8000 	C:\WINDOWS\System32\bcrypt.dll
0x00007ffe0d580000 - 0x00007ffe0d697000 	C:\WINDOWS\System32\RPCRT4.dll
0x00007ffdeef60000 - 0x00007ffdeef69000 	C:\WINDOWS\SYSTEM32\WSOCK32.dll
0x00007ffe0e8b0000 - 0x00007ffe0e921000 	C:\WINDOWS\System32\WS2_32.dll
0x00007ffe05670000 - 0x00007ffe056a4000 	C:\WINDOWS\SYSTEM32\WINMM.dll
0x00007ffe056b0000 - 0x00007ffe056ba000 	C:\WINDOWS\SYSTEM32\VERSION.dll
0x00007ffe0b9c0000 - 0x00007ffe0b9d8000 	C:\WINDOWS\SYSTEM32\kernel.appcore.dll
0x00007ffe07bf0000 - 0x00007ffe07bfa000 	C:\Users\MB PRAKASH\Downloads\eclipse-java-2023-03-R-win32-x86_64\eclipse\plugins\org.eclipse.justj.openjdk.hotspot.jre.full.win32.x86_64_17.0.6.v20230204-1729\jre\bin\jimage.dll
0x00007ffe0a4e0000 - 0x00007ffe0a713000 	C:\WINDOWS\SYSTEM32\DBGHELP.DLL
0x00007ffe0d890000 - 0x00007ffe0dc19000 	C:\WINDOWS\System32\combase.dll
0x00007ffe0e1b0000 - 0x00007ffe0e287000 	C:\WINDOWS\System32\OLEAUT32.dll
0x00007ffdf0000000 - 0x00007ffdf0032000 	C:\WINDOWS\SYSTEM32\dbgcore.DLL
0x00007ffe0cfb0000 - 0x00007ffe0d02a000 	C:\WINDOWS\System32\bcryptPrimitives.dll
0x00007ffdfae70000 - 0x00007ffdfae95000 	C:\Users\MB PRAKASH\Downloads\eclipse-java-2023-03-R-win32-x86_64\eclipse\plugins\org.eclipse.justj.openjdk.hotspot.jre.full.win32.x86_64_17.0.6.v20230204-1729\jre\bin\java.dll

dbghelp: loaded successfully - version: 4.0.5 - missing functions: none
symbol engine: initialized successfully - sym options: 0x614 - pdb path: .;C:\Users\MB PRAKASH\Downloads\eclipse-java-2023-03-R-win32-x86_64\eclipse\plugins\org.eclipse.justj.openjdk.hotspot.jre.full.win32.x86_64_17.0.6.v20230204-1729\jre\bin;C:\WINDOWS\SYSTEM32;C:\WINDOWS\WinSxS\amd64_microsoft.windows.common-controls_6595b64144ccf1df_6.0.22621.2506_none_270c5ae97388e100;C:\Users\MB PRAKASH\Downloads\eclipse-java-2023-03-R-win32-x86_64\eclipse\plugins\org.eclipse.justj.openjdk.hotspot.jre.full.win32.x86_64_17.0.6.v20230204-1729\jre\bin\server

VM Arguments:
jvm_args: -Dfile.encoding=UTF-8 --module-path=C:\Users\MB PRAKASH\git\repositoryJavaPrograms\JavaPrograms\bin -XX:+ShowCodeDetailsInExceptionMessages -Djdk.module.main=JavaPrograms 
java_command: JavaPrograms/StringPrograms.UpperToLowerCase
java_class_path (initial): <not set>
Launcher Type: SUN_STANDARD

[Global flags]
     intx CICompilerCount                          = 4                                         {product} {ergonomic}
     uint ConcGCThreads                            = 2                                         {product} {ergonomic}
     uint G1ConcRefinementThreads                  = 8                                         {product} {ergonomic}
   size_t G1HeapRegionSize                         = 1048576                                   {product} {ergonomic}
    uintx GCDrainStackTargetSize                   = 64                                        {product} {ergonomic}
   size_t InitialHeapSize                          = 132120576                                 {product} {ergonomic}
   size_t MarkStackSize                            = 4194304                                   {product} {ergonomic}
   size_t MaxHeapSize                              = 2103443456                                {product} {ergonomic}
   size_t MinHeapDeltaBytes                        = 1048576                                   {product} {ergonomic}
   size_t MinHeapSize                              = 8388608                                   {product} {ergonomic}
    uintx NonNMethodCodeHeapSize                   = 5839372                                {pd product} {ergonomic}
    uintx NonProfiledCodeHeapSize                  = 122909434                              {pd product} {ergonomic}
    uintx ProfiledCodeHeapSize                     = 122909434                              {pd product} {ergonomic}
    uintx ReservedCodeCacheSize                    = 251658240                              {pd product} {ergonomic}
     bool SegmentedCodeCache                       = true                                      {product} {ergonomic}
     bool ShowCodeDetailsInExceptionMessages       = true                                   {manageable} {command line}
   size_t SoftMaxHeapSize                          = 2103443456                             {manageable} {ergonomic}
     bool UseCompressedClassPointers               = true                           {product lp64_product} {ergonomic}
     bool UseCompressedOops                        = true                           {product lp64_product} {ergonomic}
     bool UseG1GC                                  = true                                      {product} {ergonomic}
     bool UseLargePagesIndividualAllocation        = false                                  {pd product} {ergonomic}

Logging:
Log output configuration:
 #0: stdout all=warning uptime,level,tags
 #1: stderr all=off uptime,level,tags

Environment Variables:
PATH=C:\Program Files\Common Files\Oracle\Java\javapath;C:\oracle\product\10.2.0\db_8\bin;C:\oracle\product\10.2.0\db_7\bin;C:\oracle\product\10.2.0\db_4\bin;C:\oracle\product\10.2.0\db_3\bin;C:\oracle\product\10.2.0\db_1\bin;C:\Program Files (x86)\Common Files\Intel\Shared Libraries\redist\intel64\compiler;C:\Windows\system32;C:\Windows;C:\Windows\System32\Wbem;C:\Windows\System32\WindowsPowerShell\v1.0\;C:\Windows\System32\OpenSSH\;C:\Program Files (x86)\NVIDIA Corporation\PhysX\Common;C:\Program Files\NVIDIA Corporation\NVIDIA NvDLISR;C:\Program Files (x86)\dotnet\;C:\Program Files\dotnet\;C:\WINDOWS\system32;C:\WINDOWS;C:\WINDOWS\System32\Wbem;C:\WINDOWS\System32\WindowsPowerShell\v1.0\;C:\WINDOWS\System32\OpenSSH\;C:\Program Files\MySQL\MySQL Server 8.0\bin;C:\Program Files (x86)\Microsoft SQL Server\160\Tools\Binn\;C:\Program Files\Microsoft SQL Server\160\Tools\Binn\;C:\Program Files\Microsoft SQL Server\Client SDK\ODBC\170\Tools\Binn\;C:\Program Files\Microsoft SQL Server\160\DTS\Binn\;C:\Program Files\Java\jdk-21\bin;C:\Program Files\Java\jdk-17\bin;C:\Users\MB PRAKASH\AppData\Local\Programs\Python\Python310;"C:\Users\MB PRAKASH\AppData\Local\Programs\Python\Python310\Scripts;";C:\Users\MB PRAKASH\AppData\Local\Programs\Python\Python310\Scripts;C:\Program Files\Snowflake SnowSQL\;C:\Program Files\MySQL\MySQL Shell 8.0\bin\;C:\Users\MB PRAKASH\AppData\Local\Microsoft\WindowsApps;C:\Users\MB PRAKASH\AppData\Local\Programs\Microsoft VS Code\bin;C:\Program Files\Java\jdk-21\bin;C:\Program Files\Java\jdk-17\bin;C:\Users\MB PRAKASH\AppData\Local\Programs\Python\Python310;
USERNAME=MB PRAKASH
OS=Windows_NT
PROCESSOR_IDENTIFIER=Intel64 Family 6 Model 165 Stepping 2, GenuineIntel
TMP=C:\Users\MBPRAK~1\AppData\Local\Temp
TEMP=C:\Users\MBPRAK~1\AppData\Local\Temp



---------------  S Y S T E M  ---------------

OS:
 Windows 11 , 64 bit Build 22621 (10.0.22621.3085)
OS uptime: 2 days 6:53 hours

CPU: total 8 (initial active 8) (4 cores per cpu, 2 threads per core) family 6 model 165 stepping 2 microcode 0xea, cx8, cmov, fxsr, ht, mmx, 3dnowpref, sse, sse2, sse3, ssse3, sse4.1, sse4.2, popcnt, lzcnt, tsc, tscinvbit, avx, avx2, aes, erms, clmul, bmi1, bmi2, adx, fma, vzeroupper, clflush, clflushopt

Memory: 4k page, system-wide physical 8023M (1300M free)
TotalPageFile size 13255M (AvailPageFile size 119M)
current process WorkingSet (physical memory assigned to process): 11M, peak: 11M
current process commit charge ("private bytes"): 60M, peak: 186M

vm_info: OpenJDK 64-Bit Server VM (17.0.6+10) for windows-amd64 JRE (17.0.6+10), built on Jan 18 2023 10:08:59 by "temurin" with MS VC++ 16.7 (VS2019)

END.
